IndexBuilder started [Tue Mar 25 13:19:32 CST 2014]
Reading index registry [Safe point: undefined]
Index status: missing
Indexing process started [Tue Mar 25 13:19:32 CST 2014]
Processing 2,1 [count: 1; total: 1]
Reading index registry [Safe point: undefined]
Writing thought 2,1
Writing thought label 2,1
Writing thought tags 2,1
Updating index registry [Safe point: restarted]
Elapsed time: 525 + 525 = 1050
Indexing process completed [Tue Mar 25 13:19:33 CST 2014]
Updating index registry [Safe point: restarted]
Index status: initialized
IndexBuilder stopped [Tue Mar 25 13:19:36 CST 2014]
Start indexing [Tue Mar 25 13:19:36 CST 2014]
Loading UrlIndexBuilder
Loading index registry [C:\Users\weich2\Dropbox\Documents\MindMap\Sonar_brain\UrlIndexBuilder.dat]
Loading index log [C:\Users\weich2\Dropbox\Documents\MindMap\Sonar_brain\UrlIndexBuilder.log]
Updating index registry [Safe point: restarted]
Index status: initialized
Reading index registry [Safe point: undefined]
UrlIndexBuilder created [BrainAPI = connected; backgroundRunning = true; synchronizedThread = 4; maxCPU = 0.5; showStatus = false; logFile = C:\Users\weich2\Dropbox\Documents\MindMap\Sonar_brain\UrlIndexBuilder.log; startTime = null; stopTime = null; total = 0; processed = 0; indexed = 0; indexBuilderDat = C:\Users\weich2\Dropbox\Documents\MindMap\Sonar_brain\UrlIndexBuilder.dat (empty); indexing = false]
UrlIndexBuilder scheduled [Tue Mar 25 13:19:36 CST 2014]
UrlIndexBuilder started [Tue Mar 25 13:19:36 CST 2014]
Reading index registry [Safe point: undefined]
Index status: safe
Deleting index log [C:\Users\weich2\Dropbox\Documents\MindMap\Sonar_brain\UrlIndexBuilder.log]
Indexing process started [Tue Mar 25 13:19:36 CST 2014]
Processing 2,1 [count: 1; total: 183]
Processing 2,2 [count: 2; total: 183]
Processing 2,3 [count: 3; total: 183]
Processing 2,4 [count: 4; total: 183]
Processing 2,5 [count: 5; total: 183]
Processing 2,6 [count: 6; total: 183]
Processing 2,7 [count: 7; total: 183]
Processing 2,8 [count: 8; total: 183]
Processing 2,9 [count: 9; total: 183]
Processing 2,10 [count: 10; total: 183]
Processing 2,11 [count: 11; total: 183]
Processing 2,12 [count: 12; total: 183]
Processing 2,13 [count: 13; total: 183]
Processing 2,14 [count: 14; total: 183]
Processing 2,15 [count: 15; total: 183]
Processing 2,16 [count: 16; total: 183]
Processing 2,17 [count: 17; total: 183]
Processing 2,18 [count: 18; total: 183]
Processing 2,19 [count: 19; total: 183]
Processing 2,20 [count: 20; total: 183]
Processing 2,21 [count: 21; total: 183]
Processing 2,22 [count: 22; total: 183]
Processing 2,23 [count: 23; total: 183]
Processing 2,24 [count: 24; total: 183]
Processing 2,25 [count: 25; total: 183]
Processing 2,26 [count: 26; total: 183]
Processing 2,27 [count: 27; total: 183]
Processing 2,28 [count: 28; total: 183]
Processing 2,29 [count: 29; total: 183]
Processing 2,30 [count: 30; total: 183]
Processing 2,31 [count: 31; total: 183]
Processing 2,32 [count: 32; total: 183]
Processing 2,33 [count: 33; total: 183]
Processing 2,34 [count: 34; total: 183]
Processing 2,35 [count: 35; total: 183]
Processing 2,36 [count: 36; total: 183]
Processing 2,37 [count: 37; total: 183]
Processing 2,38 [count: 38; total: 183]
Processing 2,39 [count: 39; total: 183]
Processing 2,40 [count: 40; total: 183]
Processing 2,41 [count: 41; total: 183]
Processing 2,42 [count: 42; total: 183]
Processing 2,43 [count: 43; total: 183]
Processing 2,44 [count: 44; total: 183]
Processing 2,45 [count: 45; total: 183]
Processing 2,46 [count: 46; total: 183]
Processing 2,47 [count: 47; total: 183]
Processing 2,48 [count: 48; total: 183]
Processing 2,49 [count: 49; total: 183]
Processing 2,50 [count: 50; total: 183]
Processing 2,51 [count: 51; total: 183]
Processing 2,52 [count: 52; total: 183]
Processing 2,53 [count: 53; total: 183]
Processing 2,54 [count: 54; total: 183]
Processing 2,55 [count: 55; total: 183]
Processing 2,56 [count: 56; total: 183]
Processing 2,57 [count: 57; total: 183]
Processing 2,58 [count: 58; total: 183]
Processing 2,59 [count: 59; total: 183]
Processing 2,60 [count: 60; total: 183]
Processing 2,61 [count: 61; total: 183]
Processing 2,62 [count: 62; total: 183]
Processing 2,63 [count: 63; total: 183]
Processing 2,64 [count: 64; total: 183]
Processing 2,65 [count: 65; total: 183]
Processing 2,66 [count: 66; total: 183]
Processing 2,67 [count: 67; total: 183]
Processing 2,68 [count: 68; total: 183]
Processing 2,69 [count: 69; total: 183]
Processing 2,70 [count: 70; total: 183]
Processing 2,71 [count: 71; total: 183]
Processing 2,72 [count: 72; total: 183]
Processing 2,73 [count: 73; total: 183]
Processing 2,74 [count: 74; total: 183]
Processing 2,75 [count: 75; total: 183]
Processing 2,76 [count: 76; total: 183]
Processing 2,77 [count: 77; total: 183]
Processing 2,78 [count: 78; total: 183]
Processing 2,79 [count: 79; total: 183]
Processing 2,80 [count: 80; total: 183]
Processing 2,81 [count: 81; total: 183]
Processing 2,82 [count: 82; total: 183]
Processing 2,83 [count: 83; total: 183]
Processing 2,84 [count: 84; total: 183]
Processing 2,85 [count: 85; total: 183]
Processing 2,86 [count: 86; total: 183]
Processing 2,87 [count: 87; total: 183]
Processing 2,88 [count: 88; total: 183]
Processing 2,89 [count: 89; total: 183]
Processing 2,90 [count: 90; total: 183]
Processing 2,91 [count: 91; total: 183]
Processing 2,92 [count: 92; total: 183]
Processing 2,93 [count: 93; total: 183]
Processing 2,94 [count: 94; total: 183]
Processing 2,95 [count: 95; total: 183]
Processing 2,96 [count: 96; total: 183]
Processing 2,97 [count: 97; total: 183]
Processing 2,98 [count: 98; total: 183]
Processing 2,99 [count: 99; total: 183]
Processing 2,100 [count: 100; total: 183]
Processing 2,101 [count: 101; total: 183]
Processing 2,102 [count: 102; total: 183]
Processing 2,103 [count: 103; total: 183]
Processing 2,104 [count: 104; total: 183]
Processing 2,105 [count: 105; total: 183]
Processing 2,106 [count: 106; total: 183]
Processing 2,107 [count: 107; total: 183]
Processing 2,108 [count: 108; total: 183]
Processing 2,109 [count: 109; total: 183]
Processing 2,110 [count: 110; total: 183]
Processing 2,111 [count: 111; total: 183]
Processing 2,112 [count: 112; total: 183]
Processing 2,113 [count: 113; total: 183]
Processing 2,114 [count: 114; total: 183]
Processing 2,115 [count: 115; total: 183]
Processing 2,116 [count: 116; total: 183]
Processing 2,117 [count: 117; total: 183]
Processing 2,118 [count: 118; total: 183]
Processing 2,119 [count: 119; total: 183]
Processing 2,120 [count: 120; total: 183]
Processing 2,121 [count: 121; total: 183]
Processing 2,122 [count: 122; total: 183]
Processing 2,123 [count: 123; total: 183]
Processing 2,124 [count: 124; total: 183]
Processing 2,125 [count: 125; total: 183]
Processing 2,126 [count: 126; total: 183]
Processing 2,127 [count: 127; total: 183]
Processing 2,128 [count: 128; total: 183]
Processing 2,129 [count: 129; total: 183]
Processing 2,130 [count: 130; total: 183]
Processing 2,131 [count: 131; total: 183]
Processing 2,132 [count: 132; total: 183]
Processing 2,133 [count: 133; total: 183]
Processing 2,134 [count: 134; total: 183]
Processing 2,135 [count: 135; total: 183]
Processing 2,136 [count: 136; total: 183]
Processing 2,137 [count: 137; total: 183]
Processing 2,138 [count: 138; total: 183]
Processing 2,139 [count: 139; total: 183]
Processing 2,140 [count: 140; total: 183]
Processing 2,141 [count: 141; total: 183]
Processing 2,142 [count: 142; total: 183]
Processing 2,143 [count: 143; total: 183]
Processing 2,144 [count: 144; total: 183]
Processing 2,145 [count: 145; total: 183]
Processing 2,146 [count: 146; total: 183]
Processing 2,147 [count: 147; total: 183]
Processing 2,148 [count: 148; total: 183]
Processing 2,149 [count: 149; total: 183]
Processing 2,150 [count: 150; total: 183]
Processing 2,151 [count: 151; total: 183]
Processing 2,152 [count: 152; total: 183]
Processing 2,153 [count: 153; total: 183]
Processing 2,154 [count: 154; total: 183]
Processing 2,155 [count: 155; total: 183]
Processing 2,156 [count: 156; total: 183]
Processing 2,157 [count: 157; total: 183]
Processing 2,158 [count: 158; total: 183]
Processing 2,159 [count: 159; total: 183]
Processing 2,160 [count: 160; total: 183]
Processing 2,161 [count: 161; total: 183]
Processing 2,162 [count: 162; total: 183]
Processing 2,163 [count: 163; total: 183]
Processing 2,164 [count: 164; total: 183]
Processing 2,165 [count: 165; total: 183]
Processing 2,166 [count: 166; total: 183]
Processing 2,167 [count: 167; total: 183]
Processing 2,168 [count: 168; total: 183]
Processing 2,169 [count: 169; total: 183]
Processing 2,170 [count: 170; total: 183]
Processing 2,171 [count: 171; total: 183]
Processing 2,172 [count: 172; total: 183]
Processing 2,173 [count: 173; total: 183]
Processing 2,174 [count: 174; total: 183]
Processing 2,175 [count: 175; total: 183]
Processing 2,176 [count: 176; total: 183]
Processing 2,177 [count: 177; total: 183]
Processing 2,178 [count: 178; total: 183]
Processing 2,179 [count: 179; total: 183]
Processing 2,180 [count: 180; total: 183]
Processing 2,181 [count: 181; total: 183]
Processing 2,182 [count: 182; total: 183]
Processing 2,183 [count: 183; total: 183]
Indexing process completed [Tue Mar 25 13:19:37 CST 2014]
Indexing time: 00:00:00
