Loading IndexBuilder
Loading index registry [/Users/Leon/Documents/MindMap/Technology_brain/IndexBuilder.dat]
Reading index registry [Safe point: undefined]
IndexBuilder created [BrainAPI = connected; BrainListener = connected; bulkMode = true; maxCPU = 0.25; showStatus = false; logFile = null; startTime = null; stopTime = null; total = 0; processed = 0; indexed = 0; indexBuilderDat = /Users/Leon/Documents/MindMap/Technology_brain/IndexBuilder.dat (empty); indexing = false]
Reading index registry [Safe point: undefined]
Index status: missing
Start indexing [Sat Oct 19 00:31:10 CST 2013]
Creating IndexEvent [REBUILD_SEARCH_INDEX]
IndexEvent fired [command = REBUILD_SEARCH_INDEX; showProgress = true; logFile = true]
IndexEvent listened [command = REBUILD_SEARCH_INDEX; showProgress = true; logFile = true]
Loading IndexBuilder
Loading index registry [/Users/Leon/Documents/MindMap/Technology_brain/IndexBuilder.dat]
Loading index log [/Users/Leon/Documents/MindMap/Technology_brain/IndexBuilder.log]
Reading index registry [Safe point: undefined]
IndexBuilder created [BrainAPI = connected; BrainListener = connected; bulkMode = true; maxCPU = 0.5; showStatus = true; logFile = /Users/Leon/Documents/MindMap/Technology_brain/IndexBuilder.log; startTime = null; stopTime = null; total = 0; processed = 0; indexed = 0; indexBuilderDat = /Users/Leon/Documents/MindMap/Technology_brain/IndexBuilder.dat (empty); indexing = false]
IndexBuilder scheduled [Sat Oct 19 00:31:10 CST 2013]
IndexBuilder started [Sat Oct 19 00:31:10 CST 2013]
Status message: Updating Thoughts index...
Reading index registry [Safe point: undefined]
Index status: missing
Indexing process started [Sat Oct 19 00:31:10 CST 2013]
Processing 2,1 [count: 1; total: 49]
Reading index registry [Safe point: undefined]
Writing thought 2,1
Writing thought label 2,1
Writing thought tags 2,1
Writing thought notes 2,1.1
Updating index registry [Safe point: 2,1]
Elapsed time: 88 + 88 = 176
Status message: Indexing 1 of 49 Thoughts (2%)
Processing 2,2 [count: 2; total: 49]
Reading index registry [Safe point: 2,1]
Writing thought 2,2
Writing thought label 2,2
Writing thought tags 2,2
Updating index registry [Safe point: 2,2]
Elapsed time: 11 + 11 = 22
Status message: Indexing 2 of 49 Thoughts (4%)
Processing 2,3 [count: 3; total: 49]
Reading index registry [Safe point: 2,2]
Writing thought 2,3
Writing thought label 2,3
Writing thought tags 2,3
Updating index registry [Safe point: 2,3]
Elapsed time: 11 + 11 = 22
Status message: Indexing 3 of 49 Thoughts (6%)
Processing 2,4 [count: 4; total: 49]
Reading index registry [Safe point: 2,3]
Writing thought 2,4
Writing thought label 2,4
Writing thought tags 2,4
Updating index registry [Safe point: 2,4]
Elapsed time: 9 + 9 = 18
Status message: Indexing 4 of 49 Thoughts (8%)
Processing 2,5 [count: 5; total: 49]
Reading index registry [Safe point: 2,4]
Writing thought 2,5
Writing thought label 2,5
Writing thought tags 2,5
Updating index registry [Safe point: 2,5]
Elapsed time: 11 + 11 = 22
Status message: Indexing 5 of 49 Thoughts (10%)
Processing 2,6 [count: 6; total: 49]
Reading index registry [Safe point: 2,5]
Writing thought 2,6
Writing thought label 2,6
Writing thought tags 2,6
Updating index registry [Safe point: 2,6]
Elapsed time: 12 + 12 = 24
Status message: Indexing 6 of 49 Thoughts (12%)
Processing 2,7 [count: 7; total: 49]
Reading index registry [Safe point: 2,6]
Writing thought 2,7
Writing thought label 2,7
Writing thought tags 2,7
Updating index registry [Safe point: 2,7]
Elapsed time: 11 + 11 = 22
Status message: Indexing 7 of 49 Thoughts (14%)
Processing 2,8 [count: 8; total: 49]
Reading index registry [Safe point: 2,7]
Writing thought 2,8
Writing thought label 2,8
Writing thought tags 2,8
Updating index registry [Safe point: 2,8]
Elapsed time: 12 + 12 = 24
Status message: Indexing 8 of 49 Thoughts (16%)
Processing 2,9 [count: 9; total: 49]
Reading index registry [Safe point: 2,8]
Writing thought 2,9
Writing thought label 2,9
Writing thought tags 2,9
Updating index registry [Safe point: 2,9]
Elapsed time: 10 + 10 = 20
Status message: Indexing 9 of 49 Thoughts (18%)
Processing 2,10 [count: 10; total: 49]
Reading index registry [Safe point: 2,9]
Writing thought 2,10
Writing thought label 2,10
Writing thought tags 2,10
Updating index registry [Safe point: 2,10]
Elapsed time: 9 + 9 = 18
Status message: Indexing 10 of 49 Thoughts (20%)
Processing 2,11 [count: 11; total: 49]
Reading index registry [Safe point: 2,10]
Writing thought 2,11
Writing thought label 2,11
Writing thought tags 2,11
Updating index registry [Safe point: 2,11]
Elapsed time: 7 + 7 = 14
Status message: Indexing 11 of 49 Thoughts (22%)
Processing 2,12 [count: 12; total: 49]
Reading index registry [Safe point: 2,11]
Writing thought 2,12
Writing thought label 2,12
Writing thought tags 2,12
Writing thought notes 2,12.9
Updating index registry [Safe point: 2,12]
Elapsed time: 25 + 25 = 50
Status message: Indexing 12 of 49 Thoughts (24%)
Processing 2,13 [count: 13; total: 49]
Reading index registry [Safe point: 2,12]
Writing thought 2,13
Writing thought label 2,13
Writing thought tags 2,13
Writing thought notes 2,13.2
Updating index registry [Safe point: 2,13]
Elapsed time: 23 + 23 = 46
Status message: Indexing 13 of 49 Thoughts (27%)
Processing 2,14 [count: 14; total: 49]
Reading index registry [Safe point: 2,13]
Writing thought 2,14
Writing thought label 2,14
Writing thought tags 2,14
Writing thought notes 2,14.7
Updating index registry [Safe point: 2,14]
Elapsed time: 20 + 20 = 40
Status message: Indexing 14 of 49 Thoughts (29%)
Processing 2,15 [count: 15; total: 49]
Reading index registry [Safe point: 2,14]
Writing thought 2,15
Writing thought label 2,15
Writing thought tags 2,15
Writing thought notes 2,15.3
Updating index registry [Safe point: 2,15]
Elapsed time: 25 + 25 = 50
Status message: Indexing 15 of 49 Thoughts (31%)
Processing 2,16 [count: 16; total: 49]
Reading index registry [Safe point: 2,15]
Writing thought 2,16
Writing thought label 2,16
Writing thought tags 2,16
Writing thought notes 2,16.4
Updating index registry [Safe point: 2,16]
Elapsed time: 18 + 18 = 36
Status message: Indexing 16 of 49 Thoughts (33%)
Processing 2,17 [count: 17; total: 49]
Reading index registry [Safe point: 2,16]
Writing thought 2,17
Writing thought label 2,17
Writing thought tags 2,17
Writing thought notes 2,17.5
Updating index registry [Safe point: 2,17]
Elapsed time: 21 + 21 = 42
Status message: Indexing 17 of 49 Thoughts (35%)
Processing 2,18 [count: 18; total: 49]
Reading index registry [Safe point: 2,17]
Writing thought 2,18
Writing thought label 2,18
Writing thought tags 2,18
Writing thought notes 2,18.6
Updating index registry [Safe point: 2,18]
Elapsed time: 21 + 21 = 42
Status message: Indexing 18 of 49 Thoughts (37%)
Processing 2,19 [count: 19; total: 49]
Reading index registry [Safe point: 2,18]
Writing thought 2,19
Writing thought label 2,19
Writing thought tags 2,19
Writing thought notes 2,19.8
Updating index registry [Safe point: 2,19]
Elapsed time: 21 + 21 = 42
Status message: Indexing 19 of 49 Thoughts (39%)
Processing 2,20 [count: 20; total: 49]
Reading index registry [Safe point: 2,19]
Writing thought 2,20
Writing thought label 2,20
Writing thought tags 2,20
Updating index registry [Safe point: 2,20]
Elapsed time: 11 + 11 = 22
Status message: Indexing 20 of 49 Thoughts (41%)
Processing 2,21 [count: 21; total: 49]
Reading index registry [Safe point: 2,20]
Writing thought 2,21
Writing thought label 2,21
Writing thought tags 2,21
Writing thought notes 2,21.19
Updating index registry [Safe point: 2,21]
Elapsed time: 23 + 23 = 46
Status message: Indexing 21 of 49 Thoughts (43%)
Processing 2,22 [count: 22; total: 49]
Reading index registry [Safe point: 2,21]
Writing thought 2,22
Writing thought label 2,22
Writing thought tags 2,22
Writing thought notes 2,22.10
Updating index registry [Safe point: 2,22]
Elapsed time: 25 + 25 = 50
Status message: Indexing 22 of 49 Thoughts (45%)
Processing 2,23 [count: 23; total: 49]
Reading index registry [Safe point: 2,22]
Writing thought 2,23
Writing thought label 2,23
Writing thought tags 2,23
Writing thought notes 2,23.11
Updating index registry [Safe point: 2,23]
Elapsed time: 20 + 20 = 40
Status message: Indexing 23 of 49 Thoughts (47%)
Processing 2,24 [count: 24; total: 49]
Reading index registry [Safe point: 2,23]
Writing thought 2,24
Writing thought label 2,24
Writing thought tags 2,24
Writing thought notes 2,24.12
Updating index registry [Safe point: 2,24]
Elapsed time: 22 + 22 = 44
Status message: Indexing 24 of 49 Thoughts (49%)
Processing 2,25 [count: 25; total: 49]
Reading index registry [Safe point: 2,24]
Writing thought 2,25
Writing thought label 2,25
Writing thought tags 2,25
Updating index registry [Safe point: 2,25]
Elapsed time: 10 + 10 = 20
Status message: Indexing 25 of 49 Thoughts (51%)
Processing 2,26 [count: 26; total: 49]
Reading index registry [Safe point: 2,25]
Writing thought 2,26
Writing thought label 2,26
Writing thought tags 2,26
Writing thought notes 2,26.13
Updating index registry [Safe point: 2,26]
Elapsed time: 20 + 20 = 40
Status message: Indexing 26 of 49 Thoughts (53%)
Processing 2,27 [count: 27; total: 49]
Reading index registry [Safe point: 2,26]
Writing thought 2,27
Writing thought label 2,27
Writing thought tags 2,27
Writing thought notes 2,27.16
Updating index registry [Safe point: 2,27]
Elapsed time: 18 + 18 = 36
Status message: Indexing 27 of 49 Thoughts (55%)
Processing 2,28 [count: 28; total: 49]
Reading index registry [Safe point: 2,27]
Writing thought 2,28
Writing thought label 2,28
Writing thought tags 2,28
Writing thought notes 2,28.14
Updating index registry [Safe point: 2,28]
Elapsed time: 19 + 19 = 38
Status message: Indexing 28 of 49 Thoughts (57%)
Processing 2,29 [count: 29; total: 49]
Reading index registry [Safe point: 2,28]
Writing thought 2,29
Writing thought label 2,29
Writing thought tags 2,29
Writing thought notes 2,29.15
Updating index registry [Safe point: 2,29]
Elapsed time: 18 + 18 = 36
Status message: Indexing 29 of 49 Thoughts (59%)
Processing 2,30 [count: 30; total: 49]
Reading index registry [Safe point: 2,29]
Writing thought 2,30
Writing thought label 2,30
Writing thought tags 2,30
Updating index registry [Safe point: 2,30]
Elapsed time: 15 + 15 = 30
Status message: Indexing 30 of 49 Thoughts (61%)
Processing 2,31 [count: 31; total: 49]
Reading index registry [Safe point: 2,30]
Writing thought 2,31
Writing thought label 2,31
Writing thought tags 2,31
Writing thought notes 2,31.17
Updating index registry [Safe point: 2,31]
Elapsed time: 16 + 16 = 32
Status message: Indexing 31 of 49 Thoughts (63%)
Processing 2,32 [count: 32; total: 49]
Reading index registry [Safe point: 2,31]
Writing thought 2,32
Writing thought label 2,32
Writing thought tags 2,32
Writing thought notes 2,32.18
Updating index registry [Safe point: 2,32]
Elapsed time: 16 + 16 = 32
Status message: Indexing 32 of 49 Thoughts (65%)
Processing 2,33 [count: 33; total: 49]
Reading index registry [Safe point: 2,32]
Writing thought 2,33
Writing thought label 2,33
Writing thought tags 2,33
Updating index registry [Safe point: 2,33]
Elapsed time: 9 + 9 = 18
Status message: Indexing 33 of 49 Thoughts (67%)
Processing 2,34 [count: 34; total: 49]
Reading index registry [Safe point: 2,33]
Writing thought 2,34
Writing thought label 2,34
Writing thought tags 2,34
Updating index registry [Safe point: 2,34]
Elapsed time: 8 + 8 = 16
Status message: Indexing 34 of 49 Thoughts (69%)
Processing 2,35 [count: 35; total: 49]
Reading index registry [Safe point: 2,34]
Writing thought 2,35
Writing thought label 2,35
Writing thought tags 2,35
Updating index registry [Safe point: 2,35]
Elapsed time: 9 + 9 = 18
Status message: Indexing 35 of 49 Thoughts (71%)
Processing 2,36 [count: 36; total: 49]
Reading index registry [Safe point: 2,35]
Writing thought 2,36
Writing thought label 2,36
Writing thought tags 2,36
Updating index registry [Safe point: 2,36]
Elapsed time: 8 + 8 = 16
Status message: Indexing 36 of 49 Thoughts (73%)
Processing 2,37 [count: 37; total: 49]
Reading index registry [Safe point: 2,36]
Writing thought 2,37
Writing thought label 2,37
Writing thought tags 2,37
Updating index registry [Safe point: 2,37]
Elapsed time: 8 + 8 = 16
Status message: Indexing 37 of 49 Thoughts (76%)
Processing 2,38 [count: 38; total: 49]
Reading index registry [Safe point: 2,37]
Writing thought 2,38
Writing thought label 2,38
Writing thought tags 2,38
Updating index registry [Safe point: 2,38]
Elapsed time: 7 + 7 = 14
Status message: Indexing 38 of 49 Thoughts (78%)
Processing 2,39 [count: 39; total: 49]
Reading index registry [Safe point: 2,38]
Writing thought 2,39
Writing thought label 2,39
Writing thought tags 2,39
Writing thought notes 2,39.20
Updating index registry [Safe point: 2,39]
Elapsed time: 18 + 18 = 36
Status message: Indexing 39 of 49 Thoughts (80%)
Processing 2,40 [count: 40; total: 49]
Reading index registry [Safe point: 2,39]
Writing thought 2,40
Writing thought label 2,40
Writing thought tags 2,40
Updating index registry [Safe point: 2,40]
Elapsed time: 10 + 10 = 20
Status message: Indexing 40 of 49 Thoughts (82%)
Processing 2,41 [count: 41; total: 49]
Reading index registry [Safe point: 2,40]
Writing thought 2,41
Writing thought label 2,41
Writing thought tags 2,41
Updating index registry [Safe point: 2,41]
Elapsed time: 7 + 7 = 14
Status message: Indexing 41 of 49 Thoughts (84%)
Processing 2,42 [count: 42; total: 49]
Reading index registry [Safe point: 2,41]
Writing thought 2,42
Writing thought label 2,42
Writing thought tags 2,42
Updating index registry [Safe point: 2,42]
Elapsed time: 10 + 10 = 20
Status message: Indexing 42 of 49 Thoughts (86%)
Processing 2,43 [count: 43; total: 49]
Reading index registry [Safe point: 2,42]
Writing thought 2,43
Writing thought label 2,43
Writing thought tags 2,43
Writing thought notes 2,43.21
Updating index registry [Safe point: 2,43]
Elapsed time: 16 + 16 = 32
Status message: Indexing 43 of 49 Thoughts (88%)
Processing 2,44 [count: 44; total: 49]
Reading index registry [Safe point: 2,43]
Writing thought 2,44
Writing thought label 2,44
Writing thought tags 2,44
Writing thought notes 2,44.22
Updating index registry [Safe point: 2,44]
Elapsed time: 15 + 15 = 30
Status message: Indexing 44 of 49 Thoughts (90%)
Processing 2,45 [count: 45; total: 49]
Reading index registry [Safe point: 2,44]
Writing thought 2,45
Writing thought label 2,45
Writing thought tags 2,45
Writing thought notes 2,45.23
Updating index registry [Safe point: 2,45]
Elapsed time: 15 + 15 = 30
Status message: Indexing 45 of 49 Thoughts (92%)
Processing 2,46 [count: 46; total: 49]
Reading index registry [Safe point: 2,45]
Writing thought 2,46
Writing thought label 2,46
Writing thought tags 2,46
Updating index registry [Safe point: 2,46]
Elapsed time: 9 + 9 = 18
Status message: Indexing 46 of 49 Thoughts (94%)
Processing 2,47 [count: 47; total: 49]
Reading index registry [Safe point: 2,46]
Writing thought 2,47
Writing thought label 2,47
Writing thought tags 2,47
Updating index registry [Safe point: 2,47]
Elapsed time: 8 + 8 = 16
Status message: Indexing 47 of 49 Thoughts (96%)
Processing 2,48 [count: 48; total: 49]
Reading index registry [Safe point: 2,47]
Writing thought 2,48
Writing thought label 2,48
Writing thought tags 2,48
Updating index registry [Safe point: 2,48]
Elapsed time: 8 + 8 = 16
Status message: Indexing 48 of 49 Thoughts (98%)
Processing 2,49 [count: 49; total: 49]
Reading index registry [Safe point: 2,48]
Writing thought 2,49
Writing thought label 2,49
Writing thought tags 2,49
Writing thought notes 2,49.24
Updating index registry [Safe point: restarted]
Elapsed time: 14 + 14 = 28
Status message: Indexing 49 of 49 Thoughts (100%)
Writing thought label 2L,1
Writing thought label 2L,3
Writing thought label 2L,5
Writing thought label 2L,7
Writing thought label 2L,9
Writing thought label 2L,11
Writing thought label 2L,13
Writing thought label 2L,15
Writing thought label 2L,17
Writing thought label 2L,19
Writing thought label 2L,21
Writing thought label 2L,23
Writing thought label 2L,25
Writing thought label 2L,27
Writing thought label 2L,29
Writing thought label 2L,31
Writing thought label 2L,33
Writing thought label 2L,35
Writing thought label 2L,37
Writing thought label 2L,41
Writing thought label 2L,43
Writing thought label 2L,45
Writing thought label 2L,47
Writing thought label 2L,49
Writing thought label 2L,51
Writing thought label 2L,53
Writing thought label 2L,55
Writing thought label 2L,57
Writing thought label 2L,59
Writing thought label 2L,61
Writing thought label 2L,63
Writing thought label 2L,66
Writing thought label 2L,69
Writing thought label 2L,71
Writing thought label 2L,73
Writing thought label 2L,75
Writing thought label 2L,77
Writing thought label 2L,79
Writing thought label 2L,81
Writing thought label 2L,83
Writing thought label 2L,85
Writing thought label 2L,87
Writing thought label 2L,89
Writing thought label 2L,91
Writing thought label 2L,93
Writing thought label 2L,95
Writing thought label 2L,97
Writing thought label 2L,99
Status message: Updating Thoughts index...
Indexing process completed [Sat Oct 19 00:31:12 CST 2013]
Updating index registry [Safe point: restarted]
Index status: initialized
IndexBuilder stopped [Sat Oct 19 00:31:15 CST 2013]
Start indexing [Sat Oct 19 00:31:15 CST 2013]
Loading UrlIndexBuilder
Loading index registry [/Users/Leon/Documents/MindMap/Technology_brain/UrlIndexBuilder.dat]
Loading index log [/Users/Leon/Documents/MindMap/Technology_brain/UrlIndexBuilder.log]
Updating index registry [Safe point: restarted]
Index status: initialized
Reading index registry [Safe point: undefined]
UrlIndexBuilder created [BrainAPI = connected; backgroundRunning = true; synchronizedThread = 4; maxCPU = 0.5; showStatus = true; logFile = /Users/Leon/Documents/MindMap/Technology_brain/UrlIndexBuilder.log; startTime = null; stopTime = null; total = 0; processed = 0; indexed = 0; indexBuilderDat = /Users/Leon/Documents/MindMap/Technology_brain/UrlIndexBuilder.dat (empty); indexing = false]
UrlIndexBuilder scheduled [Sat Oct 19 00:31:15 CST 2013]
UrlIndexBuilder started [Sat Oct 19 00:31:15 CST 2013]
Status message: Updating Web pages index...
Reading index registry [Safe point: undefined]
Index status: safe
Deleting index log [/Users/Leon/Documents/MindMap/Technology_brain/UrlIndexBuilder.log]
Indexing process started [Sat Oct 19 00:31:15 CST 2013]
Processing 2,1 [count: 1; total: 49]
Processing 2,2 [count: 2; total: 49]
Processing 2,3 [count: 3; total: 49]
Processing 2,4 [count: 4; total: 49]
Processing 2,5 [count: 5; total: 49]
Processing 2,6 [count: 6; total: 49]
Processing 2,7 [count: 7; total: 49]
Processing 2,8 [count: 8; total: 49]
Processing 2,9 [count: 9; total: 49]
Processing 2,10 [count: 10; total: 49]
Processing 2,11 [count: 11; total: 49]
Processing 2,12 [count: 12; total: 49]
Processing 2,13 [count: 13; total: 49]
Processing 2,14 [count: 14; total: 49]
Processing 2,15 [count: 15; total: 49]
Processing 2,16 [count: 16; total: 49]
Processing 2,17 [count: 17; total: 49]
Processing 2,18 [count: 18; total: 49]
Processing 2,19 [count: 19; total: 49]
Processing 2,20 [count: 20; total: 49]
Processing 2,21 [count: 21; total: 49]
Processing 2,22 [count: 22; total: 49]
Processing 2,23 [count: 23; total: 49]
Processing 2,24 [count: 24; total: 49]
Processing 2,25 [count: 25; total: 49]
Processing 2,26 [count: 26; total: 49]
Processing 2,27 [count: 27; total: 49]
Processing 2,28 [count: 28; total: 49]
Processing 2,29 [count: 29; total: 49]
Processing 2,30 [count: 30; total: 49]
Processing 2,31 [count: 31; total: 49]
Processing 2,32 [count: 32; total: 49]
Processing 2,33 [count: 33; total: 49]
Processing 2,34 [count: 34; total: 49]
Processing 2,35 [count: 35; total: 49]
Processing 2,36 [count: 36; total: 49]
Processing 2,37 [count: 37; total: 49]
Processing 2,38 [count: 38; total: 49]
Processing 2,39 [count: 39; total: 49]
Processing 2,40 [count: 40; total: 49]
Processing 2,41 [count: 41; total: 49]
Processing 2,42 [count: 42; total: 49]
Processing 2,43 [count: 43; total: 49]
Processing 2,44 [count: 44; total: 49]
Processing 2,45 [count: 45; total: 49]
Processing 2,46 [count: 46; total: 49]
Processing 2,47 [count: 47; total: 49]
Processing 2,48 [count: 48; total: 49]
Processing 2,49 [count: 49; total: 49]
Status message: No attached web pages found
Indexing process completed [Sat Oct 19 00:31:15 CST 2013]
Indexing time: 00:00:00
